2026-02-08 22:06:52 INFO  [Queue     ] Message processed: queue=notifications time=3059ms
2026-02-08 22:06:57 INFO  [Auth      ] Password reset email sent to user_id=7490
2026-02-08 22:06:26 INFO  [Queue     ] Queue size: 38 messages pending
2026-02-08 22:07:22 INFO  [Cache     ] Cache size: 42MB / 512MB
2026-02-08 22:07:05 INFO  [API       ] Request processed: user_id=9343
2026-02-08 22:07:01 WARN  [Queue     ] Message processing slow: 542ms
2026-02-08 22:06:48 INFO  [Database  ] Query executed successfully in 1655ms
2026-02-08 22:07:18 INFO  [Queue     ] Worker started: worker_id=3
2026-02-08 22:06:49 INFO  [API       ] POST /api/orders completed in 1909ms
2026-02-08 22:06:47 INFO  [Queue     ] Queue size: 26 messages pending
2026-02-08 22:07:04 INFO  [Database  ] Query executed successfully in 4718ms
2026-02-08 22:07:10 INFO  [API       ] GET /api/users/971 completed in 3551ms
2026-02-08 22:07:26 WARN  [Cache     ] Cache eviction: Memory limit reached
2026-02-08 22:06:50 INFO  [Queue     ] Worker started: worker_id=8
2026-02-08 22:07:15 ERROR [Database  ] Connection failed: Unable to reach database server
2026-02-08 22:07:34 WARN  [API       ] Rate limit approaching: 77 requests in last minute
2026-02-08 22:07:13 INFO  [Database  ] Connection pool: 87 active connections
2026-02-08 22:06:44 INFO  [Database  ] Query executed successfully in 3695ms
2026-02-08 22:07:37 INFO  [Payment   ] Refund issued: transaction_id=TXN607569
2026-02-08 22:06:58 INFO  [Queue     ] Message processed: queue=notifications time=461ms
2026-02-08 22:07:15 INFO  [Cache     ] Cache hit: key=cache_key_70
2026-02-08 22:06:52 INFO  [API       ] POST /api/orders completed in 4690ms
2026-02-08 22:06:51 ERROR [Cache     ] Out of memory: Cannot allocate cache
2026-02-08 22:07:19 WARN  [Payment   ] Retry attempt 1/3 for transaction_id=TXN832420
2026-02-08 22:07:29 INFO  [Payment   ] Refund issued: transaction_id=TXN626630
2026-02-08 22:07:38 ERROR [Queue     ] Queue connection lost
2026-02-08 22:07:36 INFO  [Auth      ] User login successful: user_id=8677
2026-02-08 22:07:00 INFO  [Cache     ] Cache hit: key=cache_key_55
2026-02-08 22:07:02 INFO  [Payment   ] Payment processed: amount=$453.76 user_id=7006
2026-02-08 22:07:45 INFO  [Queue     ] Queue size: 13 messages pending
2026-02-08 22:07:06 INFO  [Auth      ] Password reset email sent to user_id=3586
2026-02-08 22:07:15 INFO  [Payment   ] Payment gateway connected
2026-02-08 22:07:44 INFO  [Auth      ] Token generated for user_id=4515
2026-02-08 22:07:33 INFO  [Database  ] Query executed successfully in 657ms
2026-02-08 22:07:43 WARN  [Auth      ] Failed login attempt for user_id=2600
2026-02-08 22:07:34 INFO  [Auth      ] Token generated for user_id=1924
2026-02-08 22:07:36 WARN  [Auth      ] Token expired for user_id=2483
2026-02-08 22:07:53 INFO  [API       ] POST /api/orders completed in 4230ms
2026-02-08 22:07:25 INFO  [Cache     ] Cache miss: key=cache_key_46
2026-02-08 22:07:34 INFO  [Database  ] Query executed successfully in 1014ms
2026-02-08 22:07:07 INFO  [Cache     ] Cache miss: key=cache_key_96
2026-02-08 22:07:41 INFO  [Database  ] Connection pool: 50 active connections
2026-02-08 22:07:40 INFO  [Queue     ] Worker started: worker_id=4
2026-02-08 22:07:58 INFO  [Database  ] Connection pool: 27 active connections
2026-02-08 22:07:11 INFO  [Queue     ] Queue size: 33 messages pending
2026-02-08 22:07:34 WARN  [Database  ] Table lock held for 4946ms
2026-02-08 22:07:37 INFO  [Queue     ] Worker started: worker_id=10
2026-02-08 22:07:51 INFO  [Payment   ] Payment processed: amount=$358.52 user_id=1892
2026-02-08 22:07:29 INFO  [Queue     ] Worker started: worker_id=6
2026-02-08 22:07:26 INFO  [Queue     ] Worker started: worker_id=9
2026-02-08 22:07:35 INFO  [Queue     ] Worker started: worker_id=5
2026-02-08 22:08:10 ERROR [Payment   ] Transaction failed: Invalid input
2026-02-08 22:07:37 INFO  [Cache     ] Cache miss: key=cache_key_30
2026-02-08 22:07:34 INFO  [API       ] Request processed: user_id=8043
2026-02-08 22:07:19 WARN  [Queue     ] Dead letter queue has 14 messages
2026-02-08 22:07:39 INFO  [Database  ] Index scan completed: 5677 rows
2026-02-08 22:08:16 INFO  [Payment   ] Payment processed: amount=$200.87 user_id=1248
2026-02-08 22:08:13 INFO  [Queue     ] Message processed: queue=orders time=3064ms
2026-02-08 22:07:57 INFO  [Queue     ] Worker started: worker_id=3
2026-02-08 22:08:09 INFO  [Payment   ] Payment gateway connected
2026-02-08 22:07:40 INFO  [Auth      ] Password reset email sent to user_id=2155
2026-02-08 22:07:47 WARN  [Queue     ] Dead letter queue has 42 messages
2026-02-08 22:08:12 INFO  [Cache     ] Cache hit: key=cache_key_53
2026-02-08 22:08:14 INFO  [Queue     ] Queue size: 36 messages pending
2026-02-08 22:08:17 INFO  [Cache     ] Cache miss: key=cache_key_66
2026-02-08 22:08:03 WARN  [Payment   ] Retry attempt 2/3 for transaction_id=TXN837742
2026-02-08 22:07:33 INFO  [Cache     ] Cache size: 13MB / 512MB
2026-02-08 22:08:09 INFO  [API       ] Request processed: user_id=3480
2026-02-08 22:08:16 INFO  [Auth      ] Token generated for user_id=5921
2026-02-08 22:08:15 WARN  [Database  ] Table lock held for 2930ms
2026-02-08 22:07:49 INFO  [Database  ] Connection pool: 90 active connections
2026-02-08 22:08:20 INFO  [Cache     ] Cache hit: key=cache_key_30
2026-02-08 22:08:28 INFO  [Auth      ] User login successful: user_id=8097
2026-02-08 22:08:02 INFO  [Auth      ] User login successful: user_id=6019
2026-02-08 22:08:07 INFO  [Queue     ] Message processed: queue=orders time=1946ms
2026-02-08 22:07:44 WARN  [Queue     ] Message processing slow: 3596ms
2026-02-08 22:07:48 INFO  [Cache     ] Cache size: 6MB / 512MB
2026-02-08 22:08:20 WARN  [Auth      ] Failed login attempt for user_id=1720
2026-02-08 22:08:33 INFO  [Queue     ] Message processed: queue=notifications time=83ms
2026-02-08 22:08:00 INFO  [Payment   ] Refund issued: transaction_id=TXN793624
2026-02-08 22:08:00 INFO  [Database  ] Index scan completed: 6267 rows
2026-02-08 22:08:40 INFO  [Queue     ] Queue size: 6 messages pending
2026-02-08 22:08:05 ERROR [Cache     ] Cache corruption detected
2026-02-08 22:08:29 INFO  [API       ] Request processed: user_id=7354
2026-02-08 22:08:27 INFO  [Database  ] Index scan completed: 6806 rows
2026-02-08 22:08:26 INFO  [API       ] Request processed: user_id=5797
2026-02-08 22:08:09 ERROR [Payment   ] Payment gateway timeout
2026-02-08 22:08:05 ERROR [Cache     ] Cache corruption detected
2026-02-08 22:08:34 INFO  [Cache     ] Cache hit: key=cache_key_40
2026-02-08 22:08:21 WARN  [Database  ] Connection pool reaching limit: 42/100 connections
2026-02-08 22:08:15 INFO  [Cache     ] Cache hit: key=cache_key_17
2026-02-08 22:08:41 INFO  [Cache     ] Cache size: 32MB / 512MB
2026-02-08 22:08:40 INFO  [Payment   ] Refund issued: transaction_id=TXN128639
2026-02-08 22:10:13 INFO  [Auth      ] Password reset email sent to user_id=7494
2026-02-08 22:10:13 INFO  [Cache     ] Cache miss: key=cache_key_33
2026-02-08 22:10:01 WARN  [Database  ] Slow query detected: 351ms for SELECT statement
2026-02-08 22:09:46 WARN  [Cache     ] Cache miss rate high: 42%
2026-02-08 22:09:48 INFO  [Cache     ] Cache miss: key=cache_key_22
2026-02-08 22:09:52 INFO  [Payment   ] Payment gateway connected
2026-02-08 22:10:00 INFO  [Cache     ] Cache hit: key=cache_key_92
2026-02-08 22:09:35 INFO  [Cache     ] Cache hit: key=cache_key_14
2026-02-08 22:09:34 INFO  [Cache     ] Cache hit: key=cache_key_52
2026-02-08 22:10:29 INFO  [Payment   ] Payment processed: amount=$142.53 user_id=4836
2026-02-08 22:10:04 INFO  [Auth      ] Token generated for user_id=8259
2026-02-08 22:10:15 INFO  [Queue     ] Worker started: worker_id=4
2026-02-08 22:12:01 INFO  [Auth      ] Password reset email sent to user_id=8754
2026-02-08 22:11:53 INFO  [Database  ] Query executed successfully in 4560ms
2026-02-08 22:12:22 INFO  [Cache     ] Cache miss: key=cache_key_58
2026-02-08 22:11:43 INFO  [API       ] POST /api/orders completed in 2048ms
2026-02-08 22:11:49 INFO  [Database  ] Query executed successfully in 2735ms
2026-02-08 22:11:49 INFO  [Auth      ] User login successful: user_id=4176
2026-02-08 22:11:48 INFO  [Queue     ] Message processed: queue=orders time=4638ms
2026-02-08 22:11:44 WARN  [API       ] Large payload detected: 39MB
2026-02-08 22:12:22 WARN  [Cache     ] Stale data detected for key=cache_key_57
2026-02-08 22:12:09 INFO  [Auth      ] User login successful: user_id=9910
2026-02-08 22:12:40 INFO  [Database  ] Connection pool: 86 active connections
2026-02-08 22:12:30 INFO  [Database  ] Connection pool: 27 active connections
2026-02-08 22:12:40 INFO  [API       ] POST /api/orders completed in 4365ms
2026-02-08 22:12:45 WARN  [Database  ] Slow query detected: 4899ms for SELECT statement
2026-02-08 22:12:07 INFO  [Payment   ] Payment gateway connected
2026-02-08 22:12:14 INFO  [Cache     ] Cache miss: key=cache_key_40
2026-02-08 22:12:05 INFO  [Auth      ] User login successful: user_id=3060
2026-02-08 22:12:01 INFO  [Auth      ] Token generated for user_id=6730
2026-02-08 22:12:24 INFO  [API       ] Request processed: user_id=3303
2026-02-08 22:12:04 INFO  [API       ] Request processed: user_id=5751
2026-02-08 22:12:29 INFO  [Cache     ] Cache hit: key=cache_key_81
2026-02-08 22:12:21 INFO  [Database  ] Connection pool: 14 active connections
2026-02-08 22:12:51 WARN  [Queue     ] Dead letter queue has 33 messages
2026-02-08 22:12:55 INFO  [Queue     ] Worker started: worker_id=6
2026-02-08 22:12:38 INFO  [Queue     ] Worker started: worker_id=9
2026-02-08 22:12:27 ERROR [Queue     ] Worker crashed: worker_id=3
2026-02-08 22:12:10 INFO  [Payment   ] Refund issued: transaction_id=TXN936329
2026-02-08 22:12:53 INFO  [Cache     ] Cache hit: key=cache_key_27
2026-02-08 22:12:04 INFO  [API       ] GET /api/users/804 completed in 689ms
2026-02-08 22:12:02 INFO  [API       ] POST /api/orders completed in 1581ms
2026-02-08 22:12:24 ERROR [Queue     ] Message processing failed: Timeout
2026-02-08 22:12:39 INFO  [Database  ] Index scan completed: 8326 rows
2026-02-08 22:12:54 INFO  [Auth      ] Token generated for user_id=3531
2026-02-08 22:12:15 INFO  [API       ] Request processed: user_id=1526
2026-02-08 22:12:48 INFO  [Database  ] Connection pool: 50 active connections
2026-02-08 22:12:45 INFO  [Auth      ] Token generated for user_id=8695
2026-02-08 22:12:30 INFO  [API       ] GET /api/users/822 completed in 4881ms
2026-02-08 22:12:43 INFO  [API       ] POST /api/orders completed in 450ms
2026-02-08 22:12:40 ERROR [API       ] 500 Internal Server Error: /api/orders
2026-02-08 22:12:19 INFO  [Payment   ] Payment gateway connected
2026-02-08 22:12:52 WARN  [API       ] Large payload detected: 19MB
2026-02-08 22:12:30 INFO  [Queue     ] Queue size: 11 messages pending
2026-02-08 22:12:45 INFO  [Cache     ] Cache miss: key=cache_key_12
2026-02-08 22:12:28 INFO  [API       ] POST /api/orders completed in 4566ms
2026-02-08 22:12:33 INFO  [Auth      ] Password reset email sent to user_id=3979
2026-02-08 22:12:37 INFO  [Database  ] Index scan completed: 7864 rows
2026-02-08 22:12:45 INFO  [Queue     ] Queue size: 23 messages pending
2026-02-08 22:12:27 INFO  [Auth      ] Token generated for user_id=1355
2026-02-08 22:12:29 INFO  [Auth      ] Token generated for user_id=1710
2026-02-08 22:12:59 INFO  [Auth      ] User login successful: user_id=3476
2026-02-08 22:12:52 INFO  [Queue     ] Worker started: worker_id=5
2026-02-08 22:13:06 WARN  [Cache     ] Stale data detected for key=cache_key_33
2026-02-08 22:12:56 INFO  [Queue     ] Queue size: 20 messages pending
2026-02-08 22:12:31 INFO  [Payment   ] Refund issued: transaction_id=TXN890771
2026-02-08 22:13:24 INFO  [Payment   ] Payment processed: amount=$455.10 user_id=9310
2026-02-08 22:13:04 INFO  [Payment   ] Payment processed: amount=$116.62 user_id=5090
2026-02-08 22:13:11 WARN  [Auth      ] Multiple login attempts from IP 192.168.107.36
2026-02-08 22:12:52 INFO  [Database  ] Connection pool: 35 active connections
2026-02-08 22:13:19 INFO  [Cache     ] Cache size: 36MB / 512MB
2026-02-08 22:12:55 INFO  [Database  ] Query executed successfully in 4671ms
